# JRE version: OpenJDK Runtime Environment (21.0.8) (build 21.0.8+-14196175-b1038.72)
# Java VM: OpenJDK 64-Bit Server VM (21.0.8+-14196175-b1038.72, mixed mode, tiered, compressed oops, compressed class ptrs, g1 gc, windows-amd64)
GC Precious Log:
 CardTable entry size: 512
 Card Set container configuration: InlinePtr #cards 5 size 8 Array Of Cards #cards 12 size 40 Howl #buckets 4 coarsen threshold 1843 Howl Bitmap #cards 512 size 80 coarsen threshold 460 Card regions per heap region 1 cards per card region 2048
 CPUs: 16 total, 16 available
 Memory: 16068M
 Large Page Support: Disabled
 NUMA Support: Disabled
 Compressed Oops: Enabled (32-bit)
 Heap Region Size: 1M
 Heap Min Capacity: 8M
 Heap Initial Capacity: 252M
 Heap Max Capacity: 1G
 Pre-touch: Disabled
 Parallel Workers: 13
 Concurrent Workers: 3
 Concurrent Refinement Workers: 13
 Periodic GC: Disabled
Heap:
 garbage-first heap   total 106496K, used 70678K [0x00000000c0000000, 0x0000000100000000)
  region size 1024K, 9 young (9216K), 5 survivors (5120K)
 Metaspace       used 52937K, committed 54464K, reserved 1114112K
  class space    used 7416K, committed 8192K, reserved 1048576K
GC Heap History (20 events):
Event: 0.659 GC heap before
{Heap before GC invocations=1 (full 0):
 garbage-first heap   total 258048K, used 40490K [0x00000000c0000000, 0x0000000100000000)
  region size 1024K, 38 young (38912K), 2 survivors (2048K)
 Metaspace       used 12594K, committed 12800K, reserved 1114112K
  class space    used 1377K, committed 1472K, reserved 1048576K
}
Event: 0.661 GC heap after
{Heap after GC invocations=2 (full 0):
 garbage-first heap   total 258048K, used 10288K [0x00000000c0000000, 0x0000000100000000)
  region size 1024K, 5 young (5120K), 5 survivors (5120K)
 Metaspace       used 12594K, committed 12800K, reserved 1114112K
  class space    used 1377K, committed 1472K, reserved 1048576K
}
Event: 11.295 GC heap before
{Heap before GC invocations=2 (full 0):
 garbage-first heap   total 258048K, used 85040K [0x00000000c0000000, 0x0000000100000000)
  region size 1024K, 77 young (78848K), 5 survivors (5120K)
 Metaspace       used 21223K, committed 21504K, reserved 1114112K
  class space    used 2505K, committed 2624K, reserved 1048576K
}
Event: 11.301 GC heap after
{Heap after GC invocations=3 (full 0):
 garbage-first heap   total 258048K, used 19503K [0x00000000c0000000, 0x0000000100000000)
  region size 1024K, 13 young (13312K), 13 survivors (13312K)
 Metaspace       used 21223K, committed 21504K, reserved 1114112K
  class space    used 2505K, committed 2624K, reserved 1048576K
}
Event: 11.771 GC heap before
{Heap before GC invocations=4 (full 0):
 garbage-first heap   total 68608K, used 66607K [0x00000000c0000000, 0x0000000100000000)
  region size 1024K, 60 young (61440K), 13 survivors (13312K)
 Metaspace       used 29035K, committed 29568K, reserved 1114112K
  class space    used 3743K, committed 3968K, reserved 1048576K
}
Event: 11.777 GC heap after
{Heap after GC invocations=5 (full 0):
 garbage-first heap   total 86016K, used 22631K [0x00000000c0000000, 0x0000000100000000)
  region size 1024K, 11 young (11264K), 11 survivors (11264K)
 Metaspace       used 29035K, committed 29568K, reserved 1114112K
  class space    used 3743K, committed 3968K, reserved 1048576K
}
Event: 12.119 GC heap before
{Heap before GC invocations=5 (full 0):
 garbage-first heap   total 86016K, used 63591K [0x00000000c0000000, 0x0000000100000000)
  region size 1024K, 50 young (51200K), 11 survivors (11264K)
 Metaspace       used 34886K, committed 35584K, reserved 1114112K
  class space    used 4593K, committed 4928K, reserved 1048576K
}
Event: 12.123 GC heap after
{Heap after GC invocations=6 (full 0):
 garbage-first heap   total 86016K, used 25540K [0x00000000c0000000, 0x0000000100000000)
  region size 1024K, 6 young (6144K), 6 survivors (6144K)
 Metaspace       used 34886K, committed 35584K, reserved 1114112K
  class space    used 4593K, committed 4928K, reserved 1048576K
}
Event: 12.147 GC heap before
{Heap before GC invocations=6 (full 0):
 garbage-first heap   total 86016K, used 28612K [0x00000000c0000000, 0x0000000100000000)
  region size 1024K, 10 young (10240K), 6 survivors (6144K)
 Metaspace       used 35243K, committed 35968K, reserved 1114112K
  class space    used 4660K, committed 4992K, reserved 1048576K
}
Event: 12.149 GC heap after
{Heap after GC invocations=7 (full 0):
 garbage-first heap   total 86016K, used 25206K [0x00000000c0000000, 0x0000000100000000)
  region size 1024K, 3 young (3072K), 3 survivors (3072K)
 Metaspace       used 35243K, committed 35968K, reserved 1114112K
  class space    used 4660K, committed 4992K, reserved 1048576K
}
Event: 12.514 GC heap before
{Heap before GC invocations=8 (full 0):
 garbage-first heap   total 86016K, used 84598K [0x00000000c0000000, 0x0000000100000000)
  region size 1024K, 35 young (35840K), 3 survivors (3072K)
 Metaspace       used 38725K, committed 39680K, reserved 1114112K
  class space    used 5296K, committed 5760K, reserved 1048576K
}
Event: 12.518 GC heap after
{Heap after GC invocations=9 (full 0):
 garbage-first heap   total 96256K, used 59043K [0x00000000c0000000, 0x0000000100000000)
  region size 1024K, 6 young (6144K), 6 survivors (6144K)
 Metaspace       used 38725K, committed 39680K, reserved 1114112K
  class space    used 5296K, committed 5760K, reserved 1048576K
}
Event: 12.704 GC heap before
{Heap before GC invocations=9 (full 0):
 garbage-first heap   total 96256K, used 82595K [0x00000000c0000000, 0x0000000100000000)
  region size 1024K, 29 young (29696K), 6 survivors (6144K)
 Metaspace       used 41574K, committed 42688K, reserved 1114112K
  class space    used 5727K, committed 6272K, reserved 1048576K
}
Event: 12.707 GC heap after
{Heap after GC invocations=10 (full 0):
 garbage-first heap   total 96256K, used 61162K [0x00000000c0000000, 0x0000000100000000)
  region size 1024K, 2 young (2048K), 2 survivors (2048K)
 Metaspace       used 41574K, committed 42688K, reserved 1114112K
  class space    used 5727K, committed 6272K, reserved 1048576K
}
Event: 12.918 GC heap before
{Heap before GC invocations=10 (full 0):
 garbage-first heap   total 96256K, used 86762K [0x00000000c0000000, 0x0000000100000000)
  region size 1024K, 27 young (27648K), 2 survivors (2048K)
 Metaspace       used 44566K, committed 45824K, reserved 1114112K
  class space    used 6260K, committed 6912K, reserved 1048576K
}
Event: 12.920 GC heap after
{Heap after GC invocations=11 (full 0):
 garbage-first heap   total 96256K, used 62481K [0x00000000c0000000, 0x0000000100000000)
  region size 1024K, 4 young (4096K), 4 survivors (4096K)
 Metaspace       used 44566K, committed 45824K, reserved 1114112K
  class space    used 6260K, committed 6912K, reserved 1048576K
}
Event: 13.138 GC heap before
{Heap before GC invocations=12 (full 0):
 garbage-first heap   total 106496K, used 83985K [0x00000000c0000000, 0x0000000100000000)
  region size 1024K, 26 young (26624K), 4 survivors (4096K)
 Metaspace       used 48226K, committed 49536K, reserved 1114112K
  class space    used 6741K, committed 7360K, reserved 1048576K
}
Event: 13.141 GC heap after
{Heap after GC invocations=13 (full 0):
 garbage-first heap   total 106496K, used 64218K [0x00000000c0000000, 0x0000000100000000)
  region size 1024K, 4 young (4096K), 4 survivors (4096K)
 Metaspace       used 48226K, committed 49536K, reserved 1114112K
  class space    used 6741K, committed 7360K, reserved 1048576K
}
Event: 13.445 GC heap before
{Heap before GC invocations=13 (full 0):
 garbage-first heap   total 106496K, used 93914K [0x00000000c0000000, 0x0000000100000000)
  region size 1024K, 34 young (34816K), 4 survivors (4096K)
 Metaspace       used 52406K, committed 53952K, reserved 1114112K
  class space    used 7329K, committed 8064K, reserved 1048576K
}
Event: 13.449 GC heap after
{Heap after GC invocations=14 (full 0):
 garbage-first heap   total 106496K, used 67606K [0x00000000c0000000, 0x0000000100000000)
  region size 1024K, 5 young (5120K), 5 survivors (5120K)
 Metaspace       used 52406K, committed 53952K, reserved 1114112K
  class space    used 7329K, committed 8064K, reserved 1048576K
}

