# JRE version: OpenJDK Runtime Environment (21.0.8) (build 21.0.8+-14196175-b1038.72)
# Java VM: OpenJDK 64-Bit Server VM (21.0.8+-14196175-b1038.72, mixed mode, tiered, compressed oops, compressed class ptrs, g1 gc, windows-amd64)
GC Precious Log:
 CardTable entry size: 512
 Card Set container configuration: InlinePtr #cards 5 size 8 Array Of Cards #cards 12 size 40 Howl #buckets 4 coarsen threshold 1843 Howl Bitmap #cards 512 size 80 coarsen threshold 460 Card regions per heap region 1 cards per card region 2048
 CPUs: 16 total, 16 available
 Memory: 16068M
 Large Page Support: Disabled
 NUMA Support: Disabled
 Compressed Oops: Enabled (32-bit)
 Heap Region Size: 1M
 Heap Min Capacity: 8M
 Heap Initial Capacity: 252M
 Heap Max Capacity: 1G
 Pre-touch: Disabled
 Parallel Workers: 13
 Concurrent Workers: 3
 Concurrent Refinement Workers: 13
 Periodic GC: Disabled
Heap:
 garbage-first heap   total 102400K, used 49798K [0x00000000c0000000, 0x0000000100000000)
  region size 1024K, 9 young (9216K), 3 survivors (3072K)
 Metaspace       used 63876K, committed 65664K, reserved 1114112K
  class space    used 9124K, committed 9984K, reserved 1048576K
GC Heap History (20 events):
Event: 3.887 GC heap before
{Heap before GC invocations=4 (full 0):
 garbage-first heap   total 68608K, used 66859K [0x00000000c0000000, 0x0000000100000000)
  region size 1024K, 60 young (61440K), 13 survivors (13312K)
 Metaspace       used 28667K, committed 29120K, reserved 1114112K
  class space    used 3701K, committed 3904K, reserved 1048576K
}
Event: 3.915 GC heap after
{Heap after GC invocations=5 (full 0):
 garbage-first heap   total 84992K, used 22949K [0x00000000c0000000, 0x0000000100000000)
  region size 1024K, 11 young (11264K), 11 survivors (11264K)
 Metaspace       used 28667K, committed 29120K, reserved 1114112K
  class space    used 3701K, committed 3904K, reserved 1048576K
}
Event: 4.787 GC heap before
{Heap before GC invocations=5 (full 0):
 garbage-first heap   total 84992K, used 62885K [0x00000000c0000000, 0x0000000100000000)
  region size 1024K, 49 young (50176K), 11 survivors (11264K)
 Metaspace       used 34329K, committed 34944K, reserved 1114112K
  class space    used 4509K, committed 4800K, reserved 1048576K
}
Event: 4.795 GC heap after
{Heap after GC invocations=6 (full 0):
 garbage-first heap   total 84992K, used 24979K [0x00000000c0000000, 0x0000000100000000)
  region size 1024K, 6 young (6144K), 6 survivors (6144K)
 Metaspace       used 34329K, committed 34944K, reserved 1114112K
  class space    used 4509K, committed 4800K, reserved 1048576K
}
Event: 5.110 GC heap before
{Heap before GC invocations=6 (full 0):
 garbage-first heap   total 84992K, used 33171K [0x00000000c0000000, 0x0000000100000000)
  region size 1024K, 15 young (15360K), 6 survivors (6144K)
 Metaspace       used 35373K, committed 36096K, reserved 1114112K
  class space    used 4691K, committed 5056K, reserved 1048576K
}
Event: 5.115 GC heap after
{Heap after GC invocations=7 (full 0):
 garbage-first heap   total 84992K, used 25934K [0x00000000c0000000, 0x0000000100000000)
  region size 1024K, 4 young (4096K), 4 survivors (4096K)
 Metaspace       used 35373K, committed 36096K, reserved 1114112K
  class space    used 4691K, committed 5056K, reserved 1048576K
}
Event: 6.585 GC heap before
{Heap before GC invocations=8 (full 0):
 garbage-first heap   total 84992K, used 68942K [0x00000000c0000000, 0x0000000100000000)
  region size 1024K, 46 young (47104K), 4 survivors (4096K)
 Metaspace       used 41128K, committed 42240K, reserved 1114112K
  class space    used 5687K, committed 6208K, reserved 1048576K
}
Event: 6.590 GC heap after
{Heap after GC invocations=9 (full 0):
 garbage-first heap   total 84992K, used 27751K [0x00000000c0000000, 0x0000000100000000)
  region size 1024K, 6 young (6144K), 6 survivors (6144K)
 Metaspace       used 41128K, committed 42240K, reserved 1114112K
  class space    used 5687K, committed 6208K, reserved 1048576K
}
Event: 7.624 GC heap before
{Heap before GC invocations=9 (full 0):
 garbage-first heap   total 84992K, used 69735K [0x00000000c0000000, 0x0000000100000000)
  region size 1024K, 48 young (49152K), 6 survivors (6144K)
 Metaspace       used 48092K, committed 49408K, reserved 1114112K
  class space    used 6646K, committed 7296K, reserved 1048576K
}
Event: 7.630 GC heap after
{Heap after GC invocations=10 (full 0):
 garbage-first heap   total 84992K, used 31097K [0x00000000c0000000, 0x0000000100000000)
  region size 1024K, 6 young (6144K), 6 survivors (6144K)
 Metaspace       used 48092K, committed 49408K, reserved 1114112K
  class space    used 6646K, committed 7296K, reserved 1048576K
}
Event: 8.540 GC heap before
{Heap before GC invocations=10 (full 0):
 garbage-first heap   total 84992K, used 72057K [0x00000000c0000000, 0x0000000100000000)
  region size 1024K, 46 young (47104K), 6 survivors (6144K)
 Metaspace       used 53144K, committed 54656K, reserved 1114112K
  class space    used 7465K, committed 8192K, reserved 1048576K
}
Event: 8.546 GC heap after
{Heap after GC invocations=11 (full 0):
 garbage-first heap   total 84992K, used 34809K [0x00000000c0000000, 0x0000000100000000)
  region size 1024K, 4 young (4096K), 4 survivors (4096K)
 Metaspace       used 53144K, committed 54656K, reserved 1114112K
  class space    used 7465K, committed 8192K, reserved 1048576K
}
Event: 9.619 GC heap before
{Heap before GC invocations=11 (full 0):
 garbage-first heap   total 84992K, used 74745K [0x00000000c0000000, 0x0000000100000000)
  region size 1024K, 42 young (43008K), 4 survivors (4096K)
 Metaspace       used 56344K, committed 57984K, reserved 1114112K
  class space    used 7986K, committed 8768K, reserved 1048576K
}
Event: 9.624 GC heap after
{Heap after GC invocations=12 (full 0):
 garbage-first heap   total 84992K, used 41473K [0x00000000c0000000, 0x0000000100000000)
  region size 1024K, 6 young (6144K), 6 survivors (6144K)
 Metaspace       used 56344K, committed 57984K, reserved 1114112K
  class space    used 7986K, committed 8768K, reserved 1048576K
}
Event: 10.059 GC heap before
{Heap before GC invocations=12 (full 0):
 garbage-first heap   total 84992K, used 73217K [0x00000000c0000000, 0x0000000100000000)
  region size 1024K, 37 young (37888K), 6 survivors (6144K)
 Metaspace       used 57755K, committed 59456K, reserved 1114112K
  class space    used 8204K, committed 9024K, reserved 1048576K
}
Event: 10.064 GC heap after
{Heap after GC invocations=13 (full 0):
 garbage-first heap   total 84992K, used 43120K [0x00000000c0000000, 0x0000000100000000)
  region size 1024K, 2 young (2048K), 2 survivors (2048K)
 Metaspace       used 57755K, committed 59456K, reserved 1114112K
  class space    used 8204K, committed 9024K, reserved 1048576K
}
Event: 10.159 GC heap before
{Heap before GC invocations=13 (full 0):
 garbage-first heap   total 84992K, used 49264K [0x00000000c0000000, 0x0000000100000000)
  region size 1024K, 9 young (9216K), 2 survivors (2048K)
 Metaspace       used 58576K, committed 60288K, reserved 1114112K
  class space    used 8328K, committed 9152K, reserved 1048576K
}
Event: 10.161 GC heap after
{Heap after GC invocations=14 (full 0):
 garbage-first heap   total 84992K, used 42997K [0x00000000c0000000, 0x0000000100000000)
  region size 1024K, 2 young (2048K), 2 survivors (2048K)
 Metaspace       used 58576K, committed 60288K, reserved 1114112K
  class space    used 8328K, committed 9152K, reserved 1048576K
}
Event: 10.735 GC heap before
{Heap before GC invocations=15 (full 0):
 garbage-first heap   total 84992K, used 75765K [0x00000000c0000000, 0x0000000100000000)
  region size 1024K, 34 young (34816K), 2 survivors (2048K)
 Metaspace       used 63388K, committed 65216K, reserved 1114112K
  class space    used 9040K, committed 9920K, reserved 1048576K
}
Event: 10.739 GC heap after
{Heap after GC invocations=16 (full 0):
 garbage-first heap   total 102400K, used 44678K [0x00000000c0000000, 0x0000000100000000)
  region size 1024K, 3 young (3072K), 3 survivors (3072K)
 Metaspace       used 63388K, committed 65216K, reserved 1114112K
  class space    used 9040K, committed 9920K, reserved 1048576K
}

